<?xml version="1.0" encoding="UTF-8"?>
<!-- Generated by org.testng.reporters.JUnitXMLReporter -->
<testsuite hostname="intel-PC" ignored="0" name="flipkart_mobile_search" tests="4" failures="0" timestamp="21 Jul 2020 04:11:47 GMT" time="12.549" errors="0">
  <testcase name="flipkart" time="8.758" classname="testNGFramework.Flipcartsearch"/>
  <testcase name="loginlayer" time="0.23" classname="testNGFramework.Flipcartsearch"/>
  <testcase name="searchmobiles" time="0.294" classname="testNGFramework.Flipcartsearch"/>
  <testcase name="theresultpage" time="3.228" classname="testNGFramework.Flipcartsearch"/>
</testsuite> <!-- flipkart_mobile_search -->
