<?xml version="1.0" encoding="UTF-8"?>
<!-- Generated by org.testng.reporters.JUnitXMLReporter -->
<testsuite hostname="intel-PC" ignored="2" name="grouping_concepts_printing" tests="2" failures="0" timestamp="23 Jul 2020 03:35:57 GMT" time="0.046" errors="0">
  <testcase name="f3" time="0.014" classname="testNGFramework.groupingconcepts"/>
  <testcase name="f4" time="0.002" classname="testNGFramework.groupingconcepts"/>
  <testcase name="f2" time="0.0" classname="testNGFramework.groupingconcepts">
    <ignored/>
  </testcase> <!-- f2 -->
  <testcase name="f1" time="0.0" classname="testNGFramework.groupingconcepts">
    <ignored/>
  </testcase> <!-- f1 -->
</testsuite> <!-- grouping_concepts_printing -->
