<?xml version="1.0" encoding="UTF-8"?>
<!-- Generated by org.testng.reporters.JUnitXMLReporter -->
<testsuite hostname="intel-PC" ignored="1" name="Heroup_Inputfield_del" tests="3" failures="0" timestamp="21 Jul 2020 04:21:38 GMT" time="10.412" errors="0">
  <testcase name="autinp" time="7.795" classname="testNGFramework.doubletabtestng"/>
  <testcase name="biclik" time="0.5" classname="testNGFramework.doubletabtestng"/>
  <testcase name="cdubleta" time="2.089" classname="testNGFramework.doubletabtestng"/>
  <testcase name="dele" time="0.0" classname="testNGFramework.doubletabtestng">
    <ignored/>
  </testcase> <!-- dele -->
</testsuite> <!-- Heroup_Inputfield_del -->
