<?xml version="1.0" encoding="UTF-8"?>
<!-- Generated by org.testng.reporters.JUnitXMLReporter -->
<testsuite hostname="intel-PC" ignored="1" name="Test3" tests="3" failures="0" timestamp="23 Jul 2020 03:54:49 GMT" time="16.921" errors="0">
  <testcase name="autinp" time="13.743" classname="testNGFramework.doubletabtestng"/>
  <testcase name="biclik" time="1.059" classname="testNGFramework.doubletabtestng"/>
  <testcase name="cdubleta" time="2.112" classname="testNGFramework.doubletabtestng"/>
  <testcase name="dele" time="0.0" classname="testNGFramework.doubletabtestng">
    <ignored/>
  </testcase> <!-- dele -->
</testsuite> <!-- Test3 -->
