<?xml version="1.0" encoding="UTF-8"?>
<!-- Generated by org.testng.reporters.JUnitXMLReporter -->
<testsuite hostname="intel-PC" ignored="0" name="Test1" tests="4" failures="0" timestamp="23 Jul 2020 03:54:20 GMT" time="22.025" errors="0">
  <testcase name="browseropen" time="11.764" classname="testNGFramework.YourlogoTestNG"/>
  <testcase name="signin" time="2.612" classname="testNGFramework.YourlogoTestNG"/>
  <testcase name="personalInfo" time="4.08" classname="testNGFramework.YourlogoTestNG"/>
  <testcase name="addressInfo" time="3.54" classname="testNGFramework.YourlogoTestNG"/>
</testsuite> <!-- Test1 -->
